0 info it worked if it ends with ok
1 verbose cli [ 'C:\\Program Files\\nodejs\\node.exe',
1 verbose cli   'C:\\Program Files\\nodejs\\node_modules\\npm\\bin\\npm-cli.js',
1 verbose cli   'start' ]
2 info using npm@3.10.10
3 info using node@v6.9.5
4 verbose run-script [ 'prestart', 'start', 'poststart' ]
5 info lifecycle task-manager@0.0.1~prestart: task-manager@0.0.1
6 silly lifecycle task-manager@0.0.1~prestart: no script for prestart, continuing
7 info lifecycle task-manager@0.0.1~start: task-manager@0.0.1
8 verbose lifecycle task-manager@0.0.1~start: unsafe-perm in lifecycle true
9 verbose lifecycle task-manager@0.0.1~start: PATH: C:\Program Files\nodejs\node_modules\npm\bin\node-gyp-bin;C:\Users\JG\Documents\GitHub\task-manager\node_modules\.bin;C:\Program Files\ConEmu\ConEmu\Scripts;C:\Program Files\ConEmu;C:\Program Files\ConEmu\ConEmu;C:\Program Files (x86)\ActiveState Komodo Edit 10\;C:\ProgramData\Oracle\Java\javapath;C:\Windows\system32;C:\Windows;C:\Windows\System32\Wbem;C:\Windows\System32\WindowsPowerShell\v1.0\;C:\Program Files (x86)\NVIDIA Corporation\PhysX\Common;C:\Program Files (x86)\Skype\Phone\;C:\Program Files\nodejs\;D:\progs\RailsInstaller\Git\cmd;D:\progs\RailsInstaller\Ruby2.1.0\bin;C:\Users\JG\AppData\Local\atom\bin;C:\Users\JG\AppData\Roaming\npm
10 verbose lifecycle task-manager@0.0.1~start: CWD: C:\Users\JG\Documents\GitHub\task-manager
11 silly lifecycle task-manager@0.0.1~start: Args: [ '/d /s /c', 'webpack-dev-server' ]
12 silly lifecycle task-manager@0.0.1~start: Returned: code: 1  signal: null
13 info lifecycle task-manager@0.0.1~start: Failed to exec start script
14 verbose stack Error: task-manager@0.0.1 start: `webpack-dev-server`
14 verbose stack Exit status 1
14 verbose stack     at EventEmitter.<anonymous> (C:\Program Files\nodejs\node_modules\npm\lib\utils\lifecycle.js:255:16)
14 verbose stack     at emitTwo (events.js:106:13)
14 verbose stack     at EventEmitter.emit (events.js:191:7)
14 verbose stack     at ChildProcess.<anonymous> (C:\Program Files\nodejs\node_modules\npm\lib\utils\spawn.js:40:14)
14 verbose stack     at emitTwo (events.js:106:13)
14 verbose stack     at ChildProcess.emit (events.js:191:7)
14 verbose stack     at maybeClose (internal/child_process.js:877:16)
14 verbose stack     at Process.ChildProcess._handle.onexit (internal/child_process.js:226:5)
15 verbose pkgid task-manager@0.0.1
16 verbose cwd C:\Users\JG\Documents\GitHub\task-manager
17 error Windows_NT 6.1.7601
18 error argv "C:\\Program Files\\nodejs\\node.exe" "C:\\Program Files\\nodejs\\node_modules\\npm\\bin\\npm-cli.js" "start"
19 error node v6.9.5
20 error npm  v3.10.10
21 error code ELIFECYCLE
22 error task-manager@0.0.1 start: `webpack-dev-server`
22 error Exit status 1
23 error Failed at the task-manager@0.0.1 start script 'webpack-dev-server'.
23 error Make sure you have the latest version of node.js and npm installed.
23 error If you do, this is most likely a problem with the task-manager package,
23 error not with npm itself.
23 error Tell the author that this fails on your system:
23 error     webpack-dev-server
23 error You can get information on how to open an issue for this project with:
23 error     npm bugs task-manager
23 error Or if that isn't available, you can get their info via:
23 error     npm owner ls task-manager
23 error There is likely additional logging output above.
24 verbose exit [ 1, true ]
